# JRE version: OpenJDK Runtime Environment Microsoft-8035246 (17.0.8+7) (build 17.0.8+7-LTS)
# Java VM: OpenJDK 64-Bit Server VM Microsoft-8035246 (17.0.8+7-LTS, mixed mode, sharing, tiered, compressed oops, compressed class ptrs, g1 gc, windows-amd64)
GC Precious Log:
 CPUs: 8 total, 8 available
 Memory: 8029M
 Large Page Support: Disabled
 NUMA Support: Disabled
 Compressed Oops: Enabled (32-bit)
 Heap Region Size: 1M
 Heap Min Capacity: 8M
 Heap Initial Capacity: 126M
 Heap Max Capacity: 2G
 Pre-touch: Disabled
 Parallel Workers: 8
 Concurrent Workers: 2
 Concurrent Refinement Workers: 8
 Periodic GC: Disabled
Heap:
 garbage-first heap   total 350208K, used 253817K [0x0000000080000000, 0x0000000100000000)
  region size 1024K, 30 young (30720K), 8 survivors (8192K)
 Metaspace       used 114405K, committed 116032K, reserved 557056K
  class space    used 15900K, committed 16640K, reserved 425984K
GC Heap History (20 events):
Event: 21.362 GC heap before
{Heap before GC invocations=42 (full 0):
 garbage-first heap   total 350208K, used 256799K [0x0000000080000000, 0x0000000100000000)
  region size 1024K, 160 young (163840K), 4 survivors (4096K)
 Metaspace       used 90575K, committed 91392K, reserved 557056K
  class space    used 12656K, committed 13056K, reserved 425984K
}
Event: 21.370 GC heap after
{Heap after GC invocations=43 (full 0):
 garbage-first heap   total 350208K, used 105797K [0x0000000080000000, 0x0000000100000000)
  region size 1024K, 13 young (13312K), 13 survivors (13312K)
 Metaspace       used 90575K, committed 91392K, reserved 557056K
  class space    used 12656K, committed 13056K, reserved 425984K
}
Event: 24.385 GC heap before
{Heap before GC invocations=43 (full 0):
 garbage-first heap   total 350208K, used 276805K [0x0000000080000000, 0x0000000100000000)
  region size 1024K, 179 young (183296K), 13 survivors (13312K)
 Metaspace       used 100310K, committed 101184K, reserved 557056K
  class space    used 14213K, committed 14656K, reserved 425984K
}
Event: 24.398 GC heap after
{Heap after GC invocations=44 (full 0):
 garbage-first heap   total 350208K, used 112470K [0x0000000080000000, 0x0000000100000000)
  region size 1024K, 17 young (17408K), 17 survivors (17408K)
 Metaspace       used 100310K, committed 101184K, reserved 557056K
  class space    used 14213K, committed 14656K, reserved 425984K
}
Event: 26.543 GC heap before
{Heap before GC invocations=44 (full 0):
 garbage-first heap   total 350208K, used 281430K [0x0000000080000000, 0x0000000100000000)
  region size 1024K, 182 young (186368K), 17 survivors (17408K)
 Metaspace       used 106108K, committed 107264K, reserved 557056K
  class space    used 14983K, committed 15552K, reserved 425984K
}
Event: 26.569 GC heap after
{Heap after GC invocations=45 (full 0):
 garbage-first heap   total 350208K, used 136371K [0x0000000080000000, 0x0000000100000000)
  region size 1024K, 23 young (23552K), 23 survivors (23552K)
 Metaspace       used 106108K, committed 107264K, reserved 557056K
  class space    used 14983K, committed 15552K, reserved 425984K
}
Event: 28.315 GC heap before
{Heap before GC invocations=45 (full 0):
 garbage-first heap   total 350208K, used 277683K [0x0000000080000000, 0x0000000100000000)
  region size 1024K, 156 young (159744K), 23 survivors (23552K)
 Metaspace       used 109146K, committed 110464K, reserved 557056K
  class space    used 15310K, committed 15936K, reserved 425984K
}
Event: 28.337 GC heap after
{Heap after GC invocations=46 (full 0):
 garbage-first heap   total 350208K, used 167906K [0x0000000080000000, 0x0000000100000000)
  region size 1024K, 20 young (20480K), 20 survivors (20480K)
 Metaspace       used 109146K, committed 110464K, reserved 557056K
  class space    used 15310K, committed 15936K, reserved 425984K
}
Event: 29.422 GC heap before
{Heap before GC invocations=46 (full 0):
 garbage-first heap   total 350208K, used 279522K [0x0000000080000000, 0x0000000100000000)
  region size 1024K, 121 young (123904K), 20 survivors (20480K)
 Metaspace       used 110544K, committed 112000K, reserved 557056K
  class space    used 15458K, committed 16128K, reserved 425984K
}
Event: 29.440 GC heap after
{Heap after GC invocations=47 (full 0):
 garbage-first heap   total 350208K, used 195072K [0x0000000080000000, 0x0000000100000000)
  region size 1024K, 16 young (16384K), 16 survivors (16384K)
 Metaspace       used 110544K, committed 112000K, reserved 557056K
  class space    used 15458K, committed 16128K, reserved 425984K
}
Event: 29.996 GC heap before
{Heap before GC invocations=47 (full 0):
 garbage-first heap   total 350208K, used 274944K [0x0000000080000000, 0x0000000100000000)
  region size 1024K, 94 young (96256K), 16 survivors (16384K)
 Metaspace       used 112796K, committed 114240K, reserved 557056K
  class space    used 15729K, committed 16448K, reserved 425984K
}
Event: 30.010 GC heap after
{Heap after GC invocations=48 (full 0):
 garbage-first heap   total 350208K, used 209405K [0x0000000080000000, 0x0000000100000000)
  region size 1024K, 12 young (12288K), 12 survivors (12288K)
 Metaspace       used 112796K, committed 114240K, reserved 557056K
  class space    used 15729K, committed 16448K, reserved 425984K
}
Event: 30.481 GC heap before
{Heap before GC invocations=48 (full 0):
 garbage-first heap   total 350208K, used 280061K [0x0000000080000000, 0x0000000100000000)
  region size 1024K, 81 young (82944K), 12 survivors (12288K)
 Metaspace       used 113130K, committed 114624K, reserved 557056K
  class space    used 15743K, committed 16448K, reserved 425984K
}
Event: 30.493 GC heap after
{Heap after GC invocations=49 (full 0):
 garbage-first heap   total 350208K, used 216444K [0x0000000080000000, 0x0000000100000000)
  region size 1024K, 7 young (7168K), 7 survivors (7168K)
 Metaspace       used 113130K, committed 114624K, reserved 557056K
  class space    used 15743K, committed 16448K, reserved 425984K
}
Event: 30.934 GC heap before
{Heap before GC invocations=49 (full 0):
 garbage-first heap   total 350208K, used 284028K [0x0000000080000000, 0x0000000100000000)
  region size 1024K, 73 young (74752K), 7 survivors (7168K)
 Metaspace       used 114008K, committed 115520K, reserved 557056K
  class space    used 15852K, committed 16576K, reserved 425984K
}
Event: 30.947 GC heap after
{Heap after GC invocations=50 (full 0):
 garbage-first heap   total 350208K, used 224844K [0x0000000080000000, 0x0000000100000000)
  region size 1024K, 8 young (8192K), 8 survivors (8192K)
 Metaspace       used 114008K, committed 115520K, reserved 557056K
  class space    used 15852K, committed 16576K, reserved 425984K
}
Event: 31.572 GC heap before
{Heap before GC invocations=50 (full 0):
 garbage-first heap   total 350208K, used 286284K [0x0000000080000000, 0x0000000100000000)
  region size 1024K, 69 young (70656K), 8 survivors (8192K)
 Metaspace       used 114395K, committed 115968K, reserved 557056K
  class space    used 15899K, committed 16640K, reserved 425984K
}
Event: 31.585 GC heap after
{Heap after GC invocations=51 (full 0):
 garbage-first heap   total 350208K, used 228846K [0x0000000080000000, 0x0000000100000000)
  region size 1024K, 4 young (4096K), 4 survivors (4096K)
 Metaspace       used 114395K, committed 115968K, reserved 557056K
  class space    used 15899K, committed 16640K, reserved 425984K
}
Event: 32.041 GC heap before
{Heap before GC invocations=51 (full 0):
 garbage-first heap   total 350208K, used 290286K [0x0000000080000000, 0x0000000100000000)
  region size 1024K, 65 young (66560K), 4 survivors (4096K)
 Metaspace       used 114405K, committed 116032K, reserved 557056K
  class space    used 15900K, committed 16640K, reserved 425984K
}
Event: 32.048 GC heap after
{Heap after GC invocations=52 (full 0):
 garbage-first heap   total 350208K, used 232313K [0x0000000080000000, 0x0000000100000000)
  region size 1024K, 8 young (8192K), 8 survivors (8192K)
 Metaspace       used 114405K, committed 116032K, reserved 557056K
  class space    used 15900K, committed 16640K, reserved 425984K
}

